# JRE version: OpenJDK Runtime Environment (8.0_212-b04) (build 1.8.0_212-release-1586-b04)
# Java VM: OpenJDK 64-Bit Server VM (25.212-b04 mixed mode windows-amd64 compressed oops)
Heap:
 PSYoungGen      total 403456K, used 123361K [0x00000000e0000000, 0x00000000fe400000, 0x0000000100000000)
  eden space 344064K, 18% used [0x00000000e0000000,0x00000000e3e7b5f0,0x00000000f5000000)
  from space 59392K, 99% used [0x00000000f5000000,0x00000000f89fcfb8,0x00000000f8a00000)
  to   space 68608K, 0% used [0x00000000fa100000,0x00000000fa100000,0x00000000fe400000)
 ParOldGen       total 376320K, used 90436K [0x00000000a0000000, 0x00000000b6f80000, 0x00000000e0000000)
  object space 376320K, 24% used [0x00000000a0000000,0x00000000a5851190,0x00000000b6f80000)
 Metaspace       used 103812K, capacity 110202K, committed 110464K, reserved 1144832K
  class space    used 13443K, capacity 14663K, committed 14720K, reserved 1048576K
GC Heap History (10 events):
Event: 1175.460 GC heap before
{Heap before GC invocations=25 (full 4):
 PSYoungGen      total 346112K, used 346097K [0x00000000e0000000, 0x00000000fae80000, 0x0000000100000000)
  eden space 290304K, 100% used [0x00000000e0000000,0x00000000f1b80000,0x00000000f1b80000)
  from space 55808K, 99% used [0x00000000f5b80000,0x00000000f91fc5f8,0x00000000f9200000)
  to   space 65536K, 0% used [0x00000000f1b80000,0x00000000f1b80000,0x00000000f5b80000)
 ParOldGen       total 376320K, used 86437K [0x00000000a0000000, 0x00000000b6f80000, 0x00000000e0000000)
  object space 376320K, 22% used [0x00000000a0000000,0x00000000a5469440,0x00000000b6f80000)
 Metaspace       used 101602K, capacity 107062K, committed 107392K, reserved 1142784K
  class space    used 13274K, capacity 14375K, committed 14464K, reserved 1048576K
Event: 1175.468 GC heap after
Heap after GC invocations=25 (full 4):
 PSYoungGen      total 355840K, used 15807K [0x00000000e0000000, 0x00000000fbe00000, 0x0000000100000000)
  eden space 290304K, 0% used [0x00000000e0000000,0x00000000e0000000,0x00000000f1b80000)
  from space 65536K, 24% used [0x00000000f1b80000,0x00000000f2aefce0,0x00000000f5b80000)
  to   space 64000K, 0% used [0x00000000f7f80000,0x00000000f7f80000,0x00000000fbe00000)
 ParOldGen       total 376320K, used 89555K [0x00000000a0000000, 0x00000000b6f80000, 0x00000000e0000000)
  object space 376320K, 23% used [0x00000000a0000000,0x00000000a5774c50,0x00000000b6f80000)
 Metaspace       used 101602K, capacity 107062K, committed 107392K, reserved 1142784K
  class space    used 13274K, capacity 14375K, committed 14464K, reserved 1048576K
}
Event: 1575.829 GC heap before
{Heap before GC invocations=26 (full 4):
 PSYoungGen      total 355840K, used 306111K [0x00000000e0000000, 0x00000000fbe00000, 0x0000000100000000)
  eden space 290304K, 100% used [0x00000000e0000000,0x00000000f1b80000,0x00000000f1b80000)
  from space 65536K, 24% used [0x00000000f1b80000,0x00000000f2aefce0,0x00000000f5b80000)
  to   space 64000K, 0% used [0x00000000f7f80000,0x00000000f7f80000,0x00000000fbe00000)
 ParOldGen       total 376320K, used 89555K [0x00000000a0000000, 0x00000000b6f80000, 0x00000000e0000000)
  object space 376320K, 23% used [0x00000000a0000000,0x00000000a5774c50,0x00000000b6f80000)
 Metaspace       used 102425K, capacity 108062K, committed 108288K, reserved 1142784K
  class space    used 13334K, capacity 14471K, committed 14592K, reserved 1048576K
Event: 1575.846 GC heap after
Heap after GC invocations=26 (full 4):
 PSYoungGen      total 372224K, used 22372K [0x00000000e0000000, 0x00000000fb100000, 0x0000000100000000)
  eden space 321536K, 0% used [0x00000000e0000000,0x00000000e0000000,0x00000000f3a00000)
  from space 50688K, 44% used [0x00000000f7f80000,0x00000000f9559380,0x00000000fb100000)
  to   space 60928K, 0% used [0x00000000f3a00000,0x00000000f3a00000,0x00000000f7580000)
 ParOldGen       total 376320K, used 89563K [0x00000000a0000000, 0x00000000b6f80000, 0x00000000e0000000)
  object space 376320K, 23% used [0x00000000a0000000,0x00000000a5776c50,0x00000000b6f80000)
 Metaspace       used 102425K, capacity 108062K, committed 108288K, reserved 1142784K
  class space    used 13334K, capacity 14471K, committed 14592K, reserved 1048576K
}
Event: 1642.046 GC heap before
{Heap before GC invocations=27 (full 4):
 PSYoungGen      total 372224K, used 343908K [0x00000000e0000000, 0x00000000fb100000, 0x0000000100000000)
  eden space 321536K, 100% used [0x00000000e0000000,0x00000000f3a00000,0x00000000f3a00000)
  from space 50688K, 44% used [0x00000000f7f80000,0x00000000f9559380,0x00000000fb100000)
  to   space 60928K, 0% used [0x00000000f3a00000,0x00000000f3a00000,0x00000000f7580000)
 ParOldGen       total 376320K, used 89563K [0x00000000a0000000, 0x00000000b6f80000, 0x00000000e0000000)
  object space 376320K, 23% used [0x00000000a0000000,0x00000000a5776c50,0x00000000b6f80000)
 Metaspace       used 103052K, capacity 108828K, committed 109056K, reserved 1144832K
  class space    used 13350K, capacity 14500K, committed 14592K, reserved 1048576K
Event: 1642.062 GC heap after
Heap after GC invocations=27 (full 4):
 PSYoungGen      total 382464K, used 33141K [0x00000000e0000000, 0x00000000fca80000, 0x0000000100000000)
  eden space 321536K, 0% used [0x00000000e0000000,0x00000000e0000000,0x00000000f3a00000)
  from space 60928K, 54% used [0x00000000f3a00000,0x00000000f5a5d600,0x00000000f7580000)
  to   space 59904K, 0% used [0x00000000f9000000,0x00000000f9000000,0x00000000fca80000)
 ParOldGen       total 376320K, used 89571K [0x00000000a0000000, 0x00000000b6f80000, 0x00000000e0000000)
  object space 376320K, 23% used [0x00000000a0000000,0x00000000a5778c50,0x00000000b6f80000)
 Metaspace       used 103052K, capacity 108828K, committed 109056K, reserved 1144832K
  class space    used 13350K, capacity 14500K, committed 14592K, reserved 1048576K
}
Event: 1668.468 GC heap before
{Heap before GC invocations=28 (full 4):
 PSYoungGen      total 382464K, used 354677K [0x00000000e0000000, 0x00000000fca80000, 0x0000000100000000)
  eden space 321536K, 100% used [0x00000000e0000000,0x00000000f3a00000,0x00000000f3a00000)
  from space 60928K, 54% used [0x00000000f3a00000,0x00000000f5a5d600,0x00000000f7580000)
  to   space 59904K, 0% used [0x00000000f9000000,0x00000000f9000000,0x00000000fca80000)
 ParOldGen       total 376320K, used 89571K [0x00000000a0000000, 0x00000000b6f80000, 0x00000000e0000000)
  object space 376320K, 23% used [0x00000000a0000000,0x00000000a5778c50,0x00000000b6f80000)
 Metaspace       used 103450K, capacity 109514K, committed 109568K, reserved 1144832K
  class space    used 13395K, capacity 14581K, committed 14592K, reserved 1048576K
Event: 1668.474 GC heap after
Heap after GC invocations=28 (full 4):
 PSYoungGen      total 397312K, used 12239K [0x00000000e0000000, 0x00000000fc400000, 0x0000000100000000)
  eden space 344064K, 0% used [0x00000000e0000000,0x00000000e0000000,0x00000000f5000000)
  from space 53248K, 22% used [0x00000000f9000000,0x00000000f9bf3da0,0x00000000fc400000)
  to   space 59392K, 0% used [0x00000000f5000000,0x00000000f5000000,0x00000000f8a00000)
 ParOldGen       total 376320K, used 89579K [0x00000000a0000000, 0x00000000b6f80000, 0x00000000e0000000)
  object space 376320K, 23% used [0x00000000a0000000,0x00000000a577ac50,0x00000000b6f80000)
 Metaspace       used 103450K, capacity 109514K, committed 109568K, reserved 1144832K
  class space    used 13395K, capacity 14581K, committed 14592K, reserved 1048576K
}
Event: 1729.577 GC heap before
{Heap before GC invocations=29 (full 4):
 PSYoungGen      total 397312K, used 356303K [0x00000000e0000000, 0x00000000fc400000, 0x0000000100000000)
  eden space 344064K, 100% used [0x00000000e0000000,0x00000000f5000000,0x00000000f5000000)
  from space 53248K, 22% used [0x00000000f9000000,0x00000000f9bf3da0,0x00000000fc400000)
  to   space 59392K, 0% used [0x00000000f5000000,0x00000000f5000000,0x00000000f8a00000)
 ParOldGen       total 376320K, used 89579K [0x00000000a0000000, 0x00000000b6f80000, 0x00000000e0000000)
  object space 376320K, 23% used [0x00000000a0000000,0x00000000a577ac50,0x00000000b6f80000)
 Metaspace       used 103778K, capacity 110202K, committed 110464K, reserved 1144832K
  class space    used 13440K, capacity 14663K, committed 14720K, reserved 1048576K
Event: 1729.599 GC heap after
Heap after GC invocations=29 (full 4):
 PSYoungGen      total 403456K, used 59379K [0x00000000e0000000, 0x00000000fe400000, 0x0000000100000000)
  eden space 344064K, 0% used [0x00000000e0000000,0x00000000e0000000,0x00000000f5000000)
  from space 59392K, 99% used [0x00000000f5000000,0x00000000f89fcfb8,0x00000000f8a00000)
  to   space 68608K, 0% used [0x00000000fa100000,0x00000000fa100000,0x00000000fe400000)
 ParOldGen       total 376320K, used 90436K [0x00000000a0000000, 0x00000000b6f80000, 0x00000000e0000000)
  object space 376320K, 24% used [0x00000000a0000000,0x00000000a5851190,0x00000000b6f80000)
 Metaspace       used 103778K, capacity 110202K, committed 110464K, reserved 1144832K
  class space    used 13440K, capacity 14663K, committed 14720K, reserved 1048576K
}

