# JRE version: OpenJDK Runtime Environment (8.0_212-b04) (build 1.8.0_212-release-1586-b04)
# Java VM: OpenJDK 64-Bit Server VM (25.212-b04 mixed mode windows-amd64 compressed oops)
Heap:
 PSYoungGen      total 175104K, used 60305K [0x00000000e0000000, 0x00000000ed200000, 0x0000000100000000)
  eden space 162816K, 29% used [0x00000000e0000000,0x00000000e2ee5c68,0x00000000e9f00000)
  from space 12288K, 99% used [0x00000000ec600000,0x00000000ed1fea88,0x00000000ed200000)
  to   space 14336K, 0% used [0x00000000eb600000,0x00000000eb600000,0x00000000ec400000)
 ParOldGen       total 140288K, used 18659K [0x00000000a0000000, 0x00000000a8900000, 0x00000000e0000000)
  object space 140288K, 13% used [0x00000000a0000000,0x00000000a1238ef0,0x00000000a8900000)
 Metaspace       used 50193K, capacity 51744K, committed 52096K, reserved 1093632K
  class space    used 6791K, capacity 7189K, committed 7296K, reserved 1048576K
GC Heap History (10 events):
Event: 2.763 GC heap before
{Heap before GC invocations=6 (full 1):
 PSYoungGen      total 76288K, used 65536K [0x00000000e0000000, 0x00000000e9500000, 0x0000000100000000)
  eden space 65536K, 100% used [0x00000000e0000000,0x00000000e4000000,0x00000000e4000000)
  from space 10752K, 0% used [0x00000000e4a80000,0x00000000e4a80000,0x00000000e5500000)
  to   space 10752K, 0% used [0x00000000e4000000,0x00000000e4000000,0x00000000e4a80000)
 ParOldGen       total 89088K, used 7600K [0x00000000a0000000, 0x00000000a5700000, 0x00000000e0000000)
  object space 89088K, 8% used [0x00000000a0000000,0x00000000a076c178,0x00000000a5700000)
 Metaspace       used 29117K, capacity 29710K, committed 30080K, reserved 1075200K
  class space    used 3927K, capacity 4133K, committed 4224K, reserved 1048576K
Event: 2.766 GC heap after
Heap after GC invocations=6 (full 1):
 PSYoungGen      total 76288K, used 8215K [0x00000000e0000000, 0x00000000e8780000, 0x0000000100000000)
  eden space 65536K, 0% used [0x00000000e0000000,0x00000000e0000000,0x00000000e4000000)
  from space 10752K, 76% used [0x00000000e4000000,0x00000000e4805d88,0x00000000e4a80000)
  to   space 12288K, 0% used [0x00000000e7b80000,0x00000000e7b80000,0x00000000e8780000)
 ParOldGen       total 89088K, used 7608K [0x00000000a0000000, 0x00000000a5700000, 0x00000000e0000000)
  object space 89088K, 8% used [0x00000000a0000000,0x00000000a076e178,0x00000000a5700000)
 Metaspace       used 29117K, capacity 29710K, committed 30080K, reserved 1075200K
  class space    used 3927K, capacity 4133K, committed 4224K, reserved 1048576K
}
Event: 3.060 GC heap before
{Heap before GC invocations=7 (full 1):
 PSYoungGen      total 76288K, used 73751K [0x00000000e0000000, 0x00000000e8780000, 0x0000000100000000)
  eden space 65536K, 100% used [0x00000000e0000000,0x00000000e4000000,0x00000000e4000000)
  from space 10752K, 76% used [0x00000000e4000000,0x00000000e4805d88,0x00000000e4a80000)
  to   space 12288K, 0% used [0x00000000e7b80000,0x00000000e7b80000,0x00000000e8780000)
 ParOldGen       total 89088K, used 7608K [0x00000000a0000000, 0x00000000a5700000, 0x00000000e0000000)
  object space 89088K, 8% used [0x00000000a0000000,0x00000000a076e178,0x00000000a5700000)
 Metaspace       used 32131K, capacity 32716K, committed 32896K, reserved 1077248K
  class space    used 4405K, capacity 4623K, committed 4736K, reserved 1048576K
Event: 3.065 GC heap after
Heap after GC invocations=7 (full 1):
 PSYoungGen      total 122368K, used 8500K [0x00000000e0000000, 0x00000000e8500000, 0x0000000100000000)
  eden space 112640K, 0% used [0x00000000e0000000,0x00000000e0000000,0x00000000e6e00000)
  from space 9728K, 87% used [0x00000000e7b80000,0x00000000e83cd1b0,0x00000000e8500000)
  to   space 11776K, 0% used [0x00000000e6e00000,0x00000000e6e00000,0x00000000e7980000)
 ParOldGen       total 89088K, used 7616K [0x00000000a0000000, 0x00000000a5700000, 0x00000000e0000000)
  object space 89088K, 8% used [0x00000000a0000000,0x00000000a0770178,0x00000000a5700000)
 Metaspace       used 32131K, capacity 32716K, committed 32896K, reserved 1077248K
  class space    used 4405K, capacity 4623K, committed 4736K, reserved 1048576K
}
Event: 3.487 GC heap before
{Heap before GC invocations=8 (full 1):
 PSYoungGen      total 122368K, used 71971K [0x00000000e0000000, 0x00000000e8500000, 0x0000000100000000)
  eden space 112640K, 56% used [0x00000000e0000000,0x00000000e3dfbab8,0x00000000e6e00000)
  from space 9728K, 87% used [0x00000000e7b80000,0x00000000e83cd1b0,0x00000000e8500000)
  to   space 11776K, 0% used [0x00000000e6e00000,0x00000000e6e00000,0x00000000e7980000)
 ParOldGen       total 89088K, used 7616K [0x00000000a0000000, 0x00000000a5700000, 0x00000000e0000000)
  object space 89088K, 8% used [0x00000000a0000000,0x00000000a0770178,0x00000000a5700000)
 Metaspace       used 34633K, capacity 35436K, committed 35456K, reserved 1079296K
  class space    used 4764K, capacity 4981K, committed 4992K, reserved 1048576K
Event: 3.492 GC heap after
Heap after GC invocations=8 (full 1):
 PSYoungGen      total 124416K, used 10094K [0x00000000e0000000, 0x00000000ed200000, 0x0000000100000000)
  eden space 112640K, 0% used [0x00000000e0000000,0x00000000e0000000,0x00000000e6e00000)
  from space 11776K, 85% used [0x00000000e6e00000,0x00000000e77dbb18,0x00000000e7980000)
  to   space 12288K, 0% used [0x00000000ec600000,0x00000000ec600000,0x00000000ed200000)
 ParOldGen       total 89088K, used 7624K [0x00000000a0000000, 0x00000000a5700000, 0x00000000e0000000)
  object space 89088K, 8% used [0x00000000a0000000,0x00000000a0772178,0x00000000a5700000)
 Metaspace       used 34633K, capacity 35436K, committed 35456K, reserved 1079296K
  class space    used 4764K, capacity 4981K, committed 4992K, reserved 1048576K
}
Event: 3.492 GC heap before
{Heap before GC invocations=9 (full 2):
 PSYoungGen      total 124416K, used 10094K [0x00000000e0000000, 0x00000000ed200000, 0x0000000100000000)
  eden space 112640K, 0% used [0x00000000e0000000,0x00000000e0000000,0x00000000e6e00000)
  from space 11776K, 85% used [0x00000000e6e00000,0x00000000e77dbb18,0x00000000e7980000)
  to   space 12288K, 0% used [0x00000000ec600000,0x00000000ec600000,0x00000000ed200000)
 ParOldGen       total 89088K, used 7624K [0x00000000a0000000, 0x00000000a5700000, 0x00000000e0000000)
  object space 89088K, 8% used [0x00000000a0000000,0x00000000a0772178,0x00000000a5700000)
 Metaspace       used 34633K, capacity 35436K, committed 35456K, reserved 1079296K
  class space    used 4764K, capacity 4981K, committed 4992K, reserved 1048576K
Event: 3.534 GC heap after
Heap after GC invocations=9 (full 2):
 PSYoungGen      total 124416K, used 0K [0x00000000e0000000, 0x00000000ed200000, 0x0000000100000000)
  eden space 112640K, 0% used [0x00000000e0000000,0x00000000e0000000,0x00000000e6e00000)
  from space 11776K, 0% used [0x00000000e6e00000,0x00000000e6e00000,0x00000000e7980000)
  to   space 12288K, 0% used [0x00000000ec600000,0x00000000ec600000,0x00000000ed200000)
 ParOldGen       total 140288K, used 16716K [0x00000000a0000000, 0x00000000a8900000, 0x00000000e0000000)
  object space 140288K, 11% used [0x00000000a0000000,0x00000000a1053088,0x00000000a8900000)
 Metaspace       used 34590K, capacity 35292K, committed 35456K, reserved 1079296K
  class space    used 4751K, capacity 4957K, committed 4992K, reserved 1048576K
}
Event: 4.374 GC heap before
{Heap before GC invocations=10 (full 2):
 PSYoungGen      total 124416K, used 112640K [0x00000000e0000000, 0x00000000ed200000, 0x0000000100000000)
  eden space 112640K, 100% used [0x00000000e0000000,0x00000000e6e00000,0x00000000e6e00000)
  from space 11776K, 0% used [0x00000000e6e00000,0x00000000e6e00000,0x00000000e7980000)
  to   space 12288K, 0% used [0x00000000ec600000,0x00000000ec600000,0x00000000ed200000)
 ParOldGen       total 140288K, used 16716K [0x00000000a0000000, 0x00000000a8900000, 0x00000000e0000000)
  object space 140288K, 11% used [0x00000000a0000000,0x00000000a1053088,0x00000000a8900000)
 Metaspace       used 45600K, capacity 46700K, committed 46848K, reserved 1089536K
  class space    used 6130K, capacity 6400K, committed 6400K, reserved 1048576K
Event: 4.380 GC heap after
Heap after GC invocations=10 (full 2):
 PSYoungGen      total 175104K, used 12282K [0x00000000e0000000, 0x00000000ed200000, 0x0000000100000000)
  eden space 162816K, 0% used [0x00000000e0000000,0x00000000e0000000,0x00000000e9f00000)
  from space 12288K, 99% used [0x00000000ec600000,0x00000000ed1fea88,0x00000000ed200000)
  to   space 14336K, 0% used [0x00000000eb600000,0x00000000eb600000,0x00000000ec400000)
 ParOldGen       total 140288K, used 18659K [0x00000000a0000000, 0x00000000a8900000, 0x00000000e0000000)
  object space 140288K, 13% used [0x00000000a0000000,0x00000000a1238ef0,0x00000000a8900000)
 Metaspace       used 45600K, capacity 46700K, committed 46848K, reserved 1089536K
  class space    used 6130K, capacity 6400K, committed 6400K, reserved 1048576K
}

